<?xml version="1.0" encoding="UTF-8"?>
<testsuites name="jest tests" tests="5" failures="0" errors="0">
  <testsuite name="createTracerProvider" errors="0" failures="0" skipped="0" time="3.581" tests="4">
    <testcase classname="createTracerProvider test service.name resource" name="createTracerProvider test service.name resource" time="0.013">
    </testcase>
    <testcase classname="createTracerProvider test service.instance.id resource" name="createTracerProvider test service.instance.id resource" time="0.029">
    </testcase>
    <testcase classname="createTracerProvider test service.namespace resource" name="createTracerProvider test service.namespace resource" time="0.002">
    </testcase>
    <testcase classname="createTracerProvider test active span processor" name="createTracerProvider test active span processor" time="0.003">
    </testcase>
  </testsuite>
  <testsuite name="traceTestReportArtifact" errors="0" failures="0" skipped="0" timestamp="2022-01-22T04:45:33Z" time="0.178" tests="1">
    <testcase classname="traceTestReportArtifact test junit.xml" name="traceTestReportArtifact test junit.xml" time="0.001">
    </testcase>
  </testsuite>
</testsuites>